<?xml version="1.0" encoding="UTF-8"?>
<!-- Generated by org.testng.reporters.JUnitReportReporter -->
<testsuite skipped="0" hostname="DESKTOP-O391UBK" name="com.w2a.testcases.LoginTest" tests="1" failures="0" timestamp="2021-11-04T00:32:37 IST" time="3.107" errors="0">
  <testcase name="loginAsBankManager" time="3.107" classname="com.w2a.testcases.LoginTest"/>
</testsuite> <!-- com.w2a.testcases.LoginTest -->
